[INFO] Scanning for projects...
[INFO]                                                                         
[INFO] ------------------------------------------------------------------------
[INFO] Building bigdata-jini 1.0-SNAPSHOT
[INFO] ------------------------------------------------------------------------
[INFO] 
[INFO] --- maven-clean-plugin:2.5:clean (default-clean) @ bigdata-jini ---
[INFO] Deleting /Users/beebs/Documents/systap/github/bigdata/bigdata-jini/target
[INFO] 
[INFO] --- maven-resources-plugin:2.6:resources (default-resources) @ bigdata-jini ---
[WARNING] Using platform encoding (UTF-8 actually) to copy filtered resources, i.e. build is platform dependent!
[INFO] skip non existing resourceDirectory /Users/beebs/Documents/systap/github/bigdata/bigdata-jini/src/main/resources
[INFO] 
[INFO] --- maven-compiler-plugin:3.1:compile (default-compile) @ bigdata-jini ---
[INFO] Changes detected - recompiling the module!
[WARNING] File encoding has not been set, using platform encoding UTF-8, i.e. build is platform dependent!
[INFO] Compiling 158 source files to /Users/beebs/Documents/systap/github/bigdata/bigdata-jini/target/classes
[WARNING] /Users/beebs/Documents/systap/github/bigdata/bigdata-jini/src/main/java/com/bigdata/jini/start/config/ZookeeperServerConfiguration.java: Some input files use or override a deprecated API.
[WARNING] /Users/beebs/Documents/systap/github/bigdata/bigdata-jini/src/main/java/com/bigdata/jini/start/config/ZookeeperServerConfiguration.java: Recompile with -Xlint:deprecation for details.
[WARNING] /Users/beebs/Documents/systap/github/bigdata/bigdata-jini/src/main/java/com/bigdata/service/jini/AbstractServer.java: Some input files use unchecked or unsafe operations.
[WARNING] /Users/beebs/Documents/systap/github/bigdata/bigdata-jini/src/main/java/com/bigdata/service/jini/AbstractServer.java: Recompile with -Xlint:unchecked for details.
[INFO] 
[INFO] --- maven-resources-plugin:2.6:testResources (default-testResources) @ bigdata-jini ---
[WARNING] Using platform encoding (UTF-8 actually) to copy filtered resources, i.e. build is platform dependent!
[INFO] Copying 3 resources
[INFO] 
[INFO] --- maven-compiler-plugin:3.1:testCompile (default-testCompile) @ bigdata-jini ---
[INFO] Changes detected - recompiling the module!
[WARNING] File encoding has not been set, using platform encoding UTF-8, i.e. build is platform dependent!
[INFO] Compiling 86 source files to /Users/beebs/Documents/systap/github/bigdata/bigdata-jini/target/test-classes
[INFO] -------------------------------------------------------------
[WARNING] COMPILATION WARNING : 
[INFO] -------------------------------------------------------------
[WARNING] /Users/beebs/Documents/systap/github/bigdata/bigdata-jini/src/test/java/com/bigdata/jini/start/TestServiceStarter.java: Some input files use or override a deprecated API.
[WARNING] /Users/beebs/Documents/systap/github/bigdata/bigdata-jini/src/test/java/com/bigdata/jini/start/TestServiceStarter.java: Recompile with -Xlint:deprecation for details.
[WARNING] /Users/beebs/Documents/systap/github/bigdata/bigdata-jini/src/test/java/com/bigdata/quorum/zk/TestZkQuorum.java: Some input files use unchecked or unsafe operations.
[WARNING] /Users/beebs/Documents/systap/github/bigdata/bigdata-jini/src/test/java/com/bigdata/quorum/zk/TestZkQuorum.java: Recompile with -Xlint:unchecked for details.
[INFO] 4 warnings 
[INFO] -------------------------------------------------------------
[INFO] -------------------------------------------------------------
[ERROR] COMPILATION ERROR : 
[INFO] -------------------------------------------------------------
[ERROR] /Users/beebs/Documents/systap/github/bigdata/bigdata-jini/src/test/java/com/bigdata/zookeeper/AbstractZooTestCase.java:[50,22] cannot find symbol
  symbol:   class TestCase3
  location: package com.bigdata.io
[ERROR] /Users/beebs/Documents/systap/github/bigdata/bigdata-jini/src/test/java/com/bigdata/zookeeper/AbstractZooTestCase.java:[60,51] cannot find symbol
  symbol: class TestCase3
[ERROR] /Users/beebs/Documents/systap/github/bigdata/bigdata-jini/src/test/java/com/bigdata/journal/jini/ha/AbstractHAJournalServerTestCase.java:[66,22] cannot find symbol
  symbol:   class TestCase3
  location: package com.bigdata.io
[ERROR] /Users/beebs/Documents/systap/github/bigdata/bigdata-jini/src/test/java/com/bigdata/journal/jini/ha/AbstractHAJournalServerTestCase.java:[72,28] cannot find symbol
  symbol:   class TestConcurrentKBCreate
  location: package com.bigdata.rdf.sail
[ERROR] /Users/beebs/Documents/systap/github/bigdata/bigdata-jini/src/test/java/com/bigdata/journal/jini/ha/AbstractHAJournalServerTestCase.java:[96,63] cannot find symbol
  symbol: class TestCase3
[ERROR] /Users/beebs/Documents/systap/github/bigdata/bigdata-jini/src/test/java/com/bigdata/service/jini/TestBigdataClient.java:[38,26] cannot find symbol
  symbol:   class R
  location: package com.bigdata.bop.ap
[ERROR] /Users/beebs/Documents/systap/github/bigdata/bigdata-jini/src/test/java/com/bigdata/service/jini/TestBigdataClient.java:[43,30] cannot find symbol
  symbol:   class TestKeyBuilder
  location: package com.bigdata.btree.keys
[ERROR] /Users/beebs/Documents/systap/github/bigdata/bigdata-jini/src/test/java/com/bigdata/zookeeper/TestZookeeperSessionSemantics.java:[49,22] cannot find symbol
  symbol:   class TestCase3
  location: package com.bigdata.io
[ERROR] /Users/beebs/Documents/systap/github/bigdata/bigdata-jini/src/test/java/com/bigdata/zookeeper/TestZookeeperSessionSemantics.java:[58,52] cannot find symbol
  symbol: class TestCase3
[ERROR] /Users/beebs/Documents/systap/github/bigdata/bigdata-jini/src/test/java/com/bigdata/quorum/zk/MockQuorumMember.java:[28,26] cannot find symbol
  symbol:   class MockQuorumFixture
  location: package com.bigdata.quorum
[ERROR] /Users/beebs/Documents/systap/github/bigdata/bigdata-jini/src/test/java/com/bigdata/quorum/zk/MockQuorumMember.java:[29,44] package com.bigdata.quorum.MockQuorumFixture does not exist
[ERROR] /Users/beebs/Documents/systap/github/bigdata/bigdata-jini/src/test/java/com/bigdata/quorum/zk/AbstractZkQuorumTestCase.java:[39,26] cannot find symbol
  symbol:   class MockQuorumFixture
  location: package com.bigdata.quorum
[ERROR] /Users/beebs/Documents/systap/github/bigdata/bigdata-jini/src/test/java/com/bigdata/journal/jini/ha/TestHALogIndex.java:[42,28] cannot find symbol
  symbol:   class TestWormAddressManager
  location: package com.bigdata.rawstore
[ERROR] /Users/beebs/Documents/systap/github/bigdata/bigdata-jini/src/test/java/com/bigdata/service/jini/PerformanceTest.java:[57,24] package com.bigdata.test does not exist
[ERROR] /Users/beebs/Documents/systap/github/bigdata/bigdata-jini/src/test/java/com/bigdata/service/jini/PerformanceTest.java:[58,41] package com.bigdata.test.ExperimentDriver does not exist
[ERROR] /Users/beebs/Documents/systap/github/bigdata/bigdata-jini/src/test/java/com/bigdata/service/jini/PerformanceTest.java:[59,41] package com.bigdata.test.ExperimentDriver does not exist
[ERROR] /Users/beebs/Documents/systap/github/bigdata/bigdata-jini/src/test/java/com/bigdata/service/jini/PerformanceTest.java:[70,20] cannot find symbol
  symbol: class IComparisonTest
[ERROR] /Users/beebs/Documents/systap/github/bigdata/bigdata-jini/src/test/java/com/bigdata/service/jini/PerformanceTest.java:[278,12] cannot find symbol
  symbol:   class Result
  location: class com.bigdata.service.jini.PerformanceTest
[ERROR] /Users/beebs/Documents/systap/github/bigdata/bigdata-jini/src/test/java/com/bigdata/service/jini/PerformanceTest.java:[170,52] cannot find symbol
  symbol:   class ExperimentDriver
  location: class com.bigdata.service.jini.PerformanceTest
[ERROR] /Users/beebs/Documents/systap/github/bigdata/bigdata-jini/src/test/java/com/bigdata/journal/jini/ha/TestSnapshotIndex.java:[42,28] cannot find symbol
  symbol:   class TestWormAddressManager
  location: package com.bigdata.rawstore
[ERROR] /Users/beebs/Documents/systap/github/bigdata/bigdata-jini/src/test/java/com/bigdata/zookeeper/AbstractZooTestCase.java:[152,13] cannot find symbol
  symbol:   variable log
  location: class com.bigdata.zookeeper.AbstractZooTestCase
[ERROR] /Users/beebs/Documents/systap/github/bigdata/bigdata-jini/src/test/java/com/bigdata/zookeeper/AbstractZooTestCase.java:[153,22] cannot find symbol
  symbol:   method getName()
  location: class com.bigdata.zookeeper.AbstractZooTestCase
[ERROR] /Users/beebs/Documents/systap/github/bigdata/bigdata-jini/src/test/java/com/bigdata/zookeeper/AbstractZooTestCase.java:[153,13] cannot find symbol
  symbol:   variable log
  location: class com.bigdata.zookeeper.AbstractZooTestCase
[ERROR] /Users/beebs/Documents/systap/github/bigdata/bigdata-jini/src/test/java/com/bigdata/zookeeper/AbstractZooTestCase.java:[213,17] cannot find symbol
  symbol:   method fail(java.lang.String,java.lang.Throwable)
  location: class com.bigdata.zookeeper.AbstractZooTestCase
[ERROR] /Users/beebs/Documents/systap/github/bigdata/bigdata-jini/src/test/java/com/bigdata/zookeeper/AbstractZooTestCase.java:[238,17] cannot find symbol
  symbol:   variable log
  location: class com.bigdata.zookeeper.AbstractZooTestCase
[ERROR] /Users/beebs/Documents/systap/github/bigdata/bigdata-jini/src/test/java/com/bigdata/zookeeper/AbstractZooTestCase.java:[239,17] cannot find symbol
  symbol:   variable log
  location: class com.bigdata.zookeeper.AbstractZooTestCase
[ERROR] /Users/beebs/Documents/systap/github/bigdata/bigdata-jini/src/test/java/com/bigdata/zookeeper/AbstractZooTestCase.java:[247,23] cannot find symbol
  symbol:   method getName()
  location: class com.bigdata.zookeeper.AbstractZooTestCase
[ERROR] /Users/beebs/Documents/systap/github/bigdata/bigdata-jini/src/test/java/com/bigdata/zookeeper/AbstractZooTestCase.java:[247,13] cannot find symbol
  symbol:   variable log
  location: class com.bigdata.zookeeper.AbstractZooTestCase
[ERROR] /Users/beebs/Documents/systap/github/bigdata/bigdata-jini/src/test/java/com/bigdata/zookeeper/AbstractZooTestCase.java:[253,17] cannot find symbol
  symbol:   method getName()
  location: class com.bigdata.zookeeper.AbstractZooTestCase
[ERROR] /Users/beebs/Documents/systap/github/bigdata/bigdata-jini/src/test/java/com/bigdata/zookeeper/AbstractZooTestCase.java:[261,17] cannot find symbol
  symbol:   variable log
  location: class com.bigdata.zookeeper.AbstractZooTestCase
[ERROR] /Users/beebs/Documents/systap/github/bigdata/bigdata-jini/src/test/java/com/bigdata/zookeeper/AbstractZooTestCase.java:[262,26] cannot find symbol
  symbol:   method getName()
  location: class com.bigdata.zookeeper.AbstractZooTestCase
[ERROR] /Users/beebs/Documents/systap/github/bigdata/bigdata-jini/src/test/java/com/bigdata/zookeeper/AbstractZooTestCase.java:[262,17] cannot find symbol
  symbol:   variable log
  location: class com.bigdata.zookeeper.AbstractZooTestCase
[ERROR] /Users/beebs/Documents/systap/github/bigdata/bigdata-jini/src/test/java/com/bigdata/zookeeper/AbstractZooTestCase.java:[294,13] cannot find symbol
  symbol:   variable log
  location: class com.bigdata.zookeeper.AbstractZooTestCase
[ERROR] /Users/beebs/Documents/systap/github/bigdata/bigdata-jini/src/test/java/com/bigdata/zookeeper/AbstractZooTestCase.java:[314,28] cannot find symbol
  symbol: variable log
[ERROR] /Users/beebs/Documents/systap/github/bigdata/bigdata-jini/src/test/java/com/bigdata/zookeeper/AbstractZooTestCase.java:[315,29] cannot find symbol
  symbol: variable log
[ERROR] /Users/beebs/Documents/systap/github/bigdata/bigdata-jini/src/test/java/com/bigdata/zookeeper/AbstractZooTestCase.java:[409,17] cannot find symbol
  symbol:   method fail(java.lang.String)
  location: class com.bigdata.zookeeper.AbstractZooTestCase
[ERROR] /Users/beebs/Documents/systap/github/bigdata/bigdata-jini/src/test/java/com/bigdata/zookeeper/AbstractZooTestCase.java:[414,17] cannot find symbol
  symbol:   variable log
  location: class com.bigdata.zookeeper.AbstractZooTestCase
[ERROR] /Users/beebs/Documents/systap/github/bigdata/bigdata-jini/src/test/java/com/bigdata/zookeeper/AbstractZooTestCase.java:[416,17] cannot find symbol
  symbol:   variable log
  location: class com.bigdata.zookeeper.AbstractZooTestCase
[ERROR] /Users/beebs/Documents/systap/github/bigdata/bigdata-jini/src/test/java/com/bigdata/zookeeper/AbstractZooTestCase.java:[426,13] cannot find symbol
  symbol:   method fail(java.lang.String)
  location: class com.bigdata.zookeeper.AbstractZooTestCase
[ERROR] /Users/beebs/Documents/systap/github/bigdata/bigdata-jini/src/test/java/com/bigdata/zookeeper/AbstractZooTestCase.java:[430,12] cannot find symbol
  symbol:   variable log
  location: class com.bigdata.zookeeper.AbstractZooTestCase
[ERROR] /Users/beebs/Documents/systap/github/bigdata/bigdata-jini/src/test/java/com/bigdata/zookeeper/AbstractZooTestCase.java:[431,13] cannot find symbol
  symbol:   variable log
  location: class com.bigdata.zookeeper.AbstractZooTestCase
[ERROR] /Users/beebs/Documents/systap/github/bigdata/bigdata-jini/src/test/java/com/bigdata/zookeeper/AbstractZooTestCase.java:[477,17] cannot find symbol
  symbol:   method fail(java.lang.String)
  location: class com.bigdata.zookeeper.AbstractZooTestCase
[ERROR] /Users/beebs/Documents/systap/github/bigdata/bigdata-jini/src/test/java/com/bigdata/zookeeper/AbstractZooTestCase.java:[483,16] cannot find symbol
  symbol:   variable log
  location: class com.bigdata.zookeeper.AbstractZooTestCase
[ERROR] /Users/beebs/Documents/systap/github/bigdata/bigdata-jini/src/test/java/com/bigdata/zookeeper/AbstractZooTestCase.java:[485,17] cannot find symbol
  symbol:   variable log
  location: class com.bigdata.zookeeper.AbstractZooTestCase
[ERROR] /Users/beebs/Documents/systap/github/bigdata/bigdata-jini/src/test/java/com/bigdata/zookeeper/AbstractZooTestCase.java:[493,13] cannot find symbol
  symbol:   variable log
  location: class com.bigdata.zookeeper.AbstractZooTestCase
[ERROR] /Users/beebs/Documents/systap/github/bigdata/bigdata-jini/src/test/java/com/bigdata/zookeeper/AbstractZooTestCase.java:[497,13] cannot find symbol
  symbol:   variable log
  location: class com.bigdata.zookeeper.AbstractZooTestCase
[ERROR] /Users/beebs/Documents/systap/github/bigdata/bigdata-jini/src/test/java/com/bigdata/zookeeper/AbstractZooTestCase.java:[625,12] cannot find symbol
  symbol:   variable log
  location: class com.bigdata.zookeeper.AbstractZooTestCase
[ERROR] /Users/beebs/Documents/systap/github/bigdata/bigdata-jini/src/test/java/com/bigdata/zookeeper/AbstractZooTestCase.java:[626,13] cannot find symbol
  symbol:   variable log
  location: class com.bigdata.zookeeper.AbstractZooTestCase
[ERROR] /Users/beebs/Documents/systap/github/bigdata/bigdata-jini/src/test/java/com/bigdata/zookeeper/AbstractZooTestCase.java:[648,13] cannot find symbol
  symbol:   variable log
  location: class com.bigdata.zookeeper.AbstractZooTestCase
[ERROR] /Users/beebs/Documents/systap/github/bigdata/bigdata-jini/src/test/java/com/bigdata/zookeeper/AbstractZooTestCase.java:[662,13] cannot find symbol
  symbol:   variable log
  location: class com.bigdata.zookeeper.AbstractZooTestCase
[ERROR] /Users/beebs/Documents/systap/github/bigdata/bigdata-jini/src/test/java/com/bigdata/journal/jini/ha/AbstractHAJournalServerTestCase.java:[156,8] cannot find symbol
  symbol:   variable super
  location: class com.bigdata.journal.jini.ha.AbstractHAJournalServerTestCase
[ERROR] /Users/beebs/Documents/systap/github/bigdata/bigdata-jini/src/test/java/com/bigdata/journal/jini/ha/AbstractHAJournalServerTestCase.java:[158,13] cannot find symbol
  symbol:   variable log
  location: class com.bigdata.journal.jini.ha.AbstractHAJournalServerTestCase
[ERROR] /Users/beebs/Documents/systap/github/bigdata/bigdata-jini/src/test/java/com/bigdata/journal/jini/ha/AbstractHAJournalServerTestCase.java:[159,40] cannot find symbol
  symbol:   method getName()
  location: class com.bigdata.journal.jini.ha.AbstractHAJournalServerTestCase
[ERROR] /Users/beebs/Documents/systap/github/bigdata/bigdata-jini/src/test/java/com/bigdata/journal/jini/ha/AbstractHAJournalServerTestCase.java:[159,10] cannot find symbol
  symbol:   variable log
  location: class com.bigdata.journal.jini.ha.AbstractHAJournalServerTestCase
[ERROR] /Users/beebs/Documents/systap/github/bigdata/bigdata-jini/src/test/java/com/bigdata/journal/jini/ha/AbstractHAJournalServerTestCase.java:[162,62] cannot find symbol
  symbol:   method getName()
  location: class com.bigdata.journal.jini.ha.AbstractHAJournalServerTestCase
[ERROR] /Users/beebs/Documents/systap/github/bigdata/bigdata-jini/src/test/java/com/bigdata/journal/jini/ha/AbstractHAJournalServerTestCase.java:[153,5] method does not override or implement a method from a supertype
[ERROR] /Users/beebs/Documents/systap/github/bigdata/bigdata-jini/src/test/java/com/bigdata/journal/jini/ha/AbstractHAJournalServerTestCase.java:[199,18] cannot find symbol
  symbol:   variable log
  location: class com.bigdata.journal.jini.ha.AbstractHAJournalServerTestCase
[ERROR] /Users/beebs/Documents/systap/github/bigdata/bigdata-jini/src/test/java/com/bigdata/journal/jini/ha/AbstractHAJournalServerTestCase.java:[221,13] cannot find symbol
  symbol:   variable log
  location: class com.bigdata.journal.jini.ha.AbstractHAJournalServerTestCase
[ERROR] /Users/beebs/Documents/systap/github/bigdata/bigdata-jini/src/test/java/com/bigdata/journal/jini/ha/AbstractHAJournalServerTestCase.java:[222,40] cannot find symbol
  symbol:   method getName()
  location: class com.bigdata.journal.jini.ha.AbstractHAJournalServerTestCase
[ERROR] /Users/beebs/Documents/systap/github/bigdata/bigdata-jini/src/test/java/com/bigdata/journal/jini/ha/AbstractHAJournalServerTestCase.java:[222,12] cannot find symbol
  symbol:   variable log
  location: class com.bigdata.journal.jini.ha.AbstractHAJournalServerTestCase
[ERROR] /Users/beebs/Documents/systap/github/bigdata/bigdata-jini/src/test/java/com/bigdata/journal/jini/ha/AbstractHAJournalServerTestCase.java:[182,5] method does not override or implement a method from a supertype
[ERROR] /Users/beebs/Documents/systap/github/bigdata/bigdata-jini/src/test/java/com/bigdata/journal/jini/ha/AbstractHAJournalServerTestCase.java:[247,21] cannot find symbol
  symbol: method assertEquals(com.bigdata.ha.HAStatusEnum,com.bigdata.ha.HAStatusEnum)
[ERROR] /Users/beebs/Documents/systap/github/bigdata/bigdata-jini/src/test/java/com/bigdata/journal/jini/ha/AbstractHAJournalServerTestCase.java:[243,9] cannot find symbol
  symbol:   method assertCondition(<anonymous java.lang.Runnable>,long,java.util.concurrent.TimeUnit)
  location: class com.bigdata.journal.jini.ha.AbstractHAJournalServerTestCase
[ERROR] /Users/beebs/Documents/systap/github/bigdata/bigdata-jini/src/test/java/com/bigdata/journal/jini/ha/AbstractHAJournalServerTestCase.java:[265,9] cannot find symbol
  symbol:   method assertEquals(int,int)
  location: class com.bigdata.journal.jini.ha.AbstractHAJournalServerTestCase
[ERROR] /Users/beebs/Documents/systap/github/bigdata/bigdata-jini/src/test/java/com/bigdata/journal/jini/ha/AbstractHAJournalServerTestCase.java:[273,29] cannot find symbol
  symbol: method assertEquals(java.lang.String,com.bigdata.ha.HAStatusEnum,com.bigdata.ha.HAStatusEnum)
[ERROR] /Users/beebs/Documents/systap/github/bigdata/bigdata-jini/src/test/java/com/bigdata/journal/jini/ha/AbstractHAJournalServerTestCase.java:[266,9] cannot find symbol
  symbol:   method assertCondition(<anonymous java.lang.Runnable>,int,java.util.concurrent.TimeUnit)
  location: class com.bigdata.journal.jini.ha.AbstractHAJournalServerTestCase
[ERROR] /Users/beebs/Documents/systap/github/bigdata/bigdata-jini/src/test/java/com/bigdata/journal/jini/ha/AbstractHAJournalServerTestCase.java:[291,25] cannot find symbol
  symbol: method assertEquals(java.lang.String,com.bigdata.journal.jini.ha.HAJournalServer.RunStateEnum,com.bigdata.journal.jini.ha.HAJournalServer.RunStateEnum)
[ERROR] /Users/beebs/Documents/systap/github/bigdata/bigdata-jini/src/test/java/com/bigdata/journal/jini/ha/AbstractHAJournalServerTestCase.java:[286,9] cannot find symbol
  symbol:   method assertCondition(<anonymous java.lang.Runnable>,int,java.util.concurrent.TimeUnit)
  location: class com.bigdata.journal.jini.ha.AbstractHAJournalServerTestCase
[ERROR] /Users/beebs/Documents/systap/github/bigdata/bigdata-jini/src/test/java/com/bigdata/journal/jini/ha/AbstractHAJournalServerTestCase.java:[337,13] cannot find symbol
  symbol:   variable log
  location: class com.bigdata.journal.jini.ha.AbstractHAJournalServerTestCase
[ERROR] /Users/beebs/Documents/systap/github/bigdata/bigdata-jini/src/test/java/com/bigdata/journal/jini/ha/AbstractHAJournalServerTestCase.java:[432,13] cannot find symbol
  symbol:   variable log
  location: class com.bigdata.journal.jini.ha.AbstractHAJournalServerTestCase
[ERROR] /Users/beebs/Documents/systap/github/bigdata/bigdata-jini/src/test/java/com/bigdata/journal/jini/ha/AbstractHAJournalServerTestCase.java:[460,25] cannot find symbol
  symbol:   variable log
  location: class com.bigdata.journal.jini.ha.AbstractHAJournalServerTestCase
[ERROR] /Users/beebs/Documents/systap/github/bigdata/bigdata-jini/src/test/java/com/bigdata/journal/jini/ha/AbstractHAJournalServerTestCase.java:[764,29] cannot find symbol
  symbol: method fail()
[ERROR] /Users/beebs/Documents/systap/github/bigdata/bigdata-jini/src/test/java/com/bigdata/journal/jini/ha/AbstractHAJournalServerTestCase.java:[757,17] cannot find symbol
  symbol:   method assertCondition(<anonymous java.lang.Runnable>,int,java.util.concurrent.TimeUnit)
  location: class com.bigdata.journal.jini.ha.AbstractHAJournalServerTestCase
[ERROR] /Users/beebs/Documents/systap/github/bigdata/bigdata-jini/src/test/java/com/bigdata/journal/jini/ha/AbstractHAJournalServerTestCase.java:[809,16] cannot find symbol
  symbol:   variable log
  location: class com.bigdata.journal.jini.ha.AbstractHAJournalServerTestCase
[ERROR] /Users/beebs/Documents/systap/github/bigdata/bigdata-jini/src/test/java/com/bigdata/journal/jini/ha/AbstractHAJournalServerTestCase.java:[809,37] cannot find symbol
  symbol:   variable log
  location: class com.bigdata.journal.jini.ha.AbstractHAJournalServerTestCase
[ERROR] /Users/beebs/Documents/systap/github/bigdata/bigdata-jini/src/test/java/com/bigdata/journal/jini/ha/AbstractHAJournalServerTestCase.java:[818,21] cannot find symbol
  symbol:   method fail(java.lang.String)
  location: class com.bigdata.journal.jini.ha.AbstractHAJournalServerTestCase
[ERROR] /Users/beebs/Documents/systap/github/bigdata/bigdata-jini/src/test/java/com/bigdata/journal/jini/ha/AbstractHAJournalServerTestCase.java:[900,25] cannot find symbol
  symbol:   method fail(java.lang.String)
  location: class com.bigdata.journal.jini.ha.AbstractHAJournalServerTestCase
[ERROR] /Users/beebs/Documents/systap/github/bigdata/bigdata-jini/src/test/java/com/bigdata/journal/jini/ha/AbstractHAJournalServerTestCase.java:[951,21] cannot find symbol
  symbol:   method fail(java.lang.String)
  location: class com.bigdata.journal.jini.ha.AbstractHAJournalServerTestCase
[ERROR] /Users/beebs/Documents/systap/github/bigdata/bigdata-jini/src/test/java/com/bigdata/journal/jini/ha/AbstractHAJournalServerTestCase.java:[994,9] cannot find symbol
  symbol:   method assertEquals(long,long)
  location: class com.bigdata.journal.jini.ha.AbstractHAJournalServerTestCase
[ERROR] /Users/beebs/Documents/systap/github/bigdata/bigdata-jini/src/test/java/com/bigdata/journal/jini/ha/AbstractHAJournalServerTestCase.java:[1004,9] cannot find symbol
  symbol:   method assertEquals(long,long)
  location: class com.bigdata.journal.jini.ha.AbstractHAJournalServerTestCase
[ERROR] /Users/beebs/Documents/systap/github/bigdata/bigdata-jini/src/test/java/com/bigdata/journal/jini/ha/AbstractHAJournalServerTestCase.java:[1021,13] cannot find symbol
  symbol:   method fail(java.lang.String)
  location: class com.bigdata.journal.jini.ha.AbstractHAJournalServerTestCase
[ERROR] /Users/beebs/Documents/systap/github/bigdata/bigdata-jini/src/test/java/com/bigdata/journal/jini/ha/AbstractHAJournalServerTestCase.java:[1099,25] cannot find symbol
  symbol: method assertEquals(long,long)
[ERROR] /Users/beebs/Documents/systap/github/bigdata/bigdata-jini/src/test/java/com/bigdata/journal/jini/ha/AbstractHAJournalServerTestCase.java:[1095,13] cannot find symbol
  symbol:   method assertCondition(<anonymous java.lang.Runnable>,int,java.util.concurrent.TimeUnit)
  location: class com.bigdata.journal.jini.ha.AbstractHAJournalServerTestCase
[ERROR] /Users/beebs/Documents/systap/github/bigdata/bigdata-jini/src/test/java/com/bigdata/journal/jini/ha/AbstractHAJournalServerTestCase.java:[1157,29] cannot find symbol
  symbol:   variable log
  location: class com.bigdata.journal.jini.ha.AbstractHAJournalServerTestCase
[ERROR] /Users/beebs/Documents/systap/github/bigdata/bigdata-jini/src/test/java/com/bigdata/journal/jini/ha/AbstractHAJournalServerTestCase.java:[1173,29] cannot find symbol
  symbol:   variable log
  location: class com.bigdata.journal.jini.ha.AbstractHAJournalServerTestCase
[ERROR] /Users/beebs/Documents/systap/github/bigdata/bigdata-jini/src/test/java/com/bigdata/journal/jini/ha/AbstractHAJournalServerTestCase.java:[1251,9] cannot find symbol
  symbol:   method assertCondition(<anonymous java.lang.Runnable>,int,java.util.concurrent.TimeUnit)
  location: class com.bigdata.journal.jini.ha.AbstractHAJournalServerTestCase
[ERROR] /Users/beebs/Documents/systap/github/bigdata/bigdata-jini/src/test/java/com/bigdata/journal/jini/ha/AbstractHAJournalServerTestCase.java:[1282,13] cannot find symbol
  symbol:   method fail(java.lang.String)
  location: class com.bigdata.journal.jini.ha.AbstractHAJournalServerTestCase
[ERROR] /Users/beebs/Documents/systap/github/bigdata/bigdata-jini/src/test/java/com/bigdata/zookeeper/TestEphemeralSemantics.java:[80,41] cannot find symbol
  symbol:   method getName()
  location: class com.bigdata.zookeeper.TestEphemeralSemantics
[ERROR] /Users/beebs/Documents/systap/github/bigdata/bigdata-jini/src/test/java/com/bigdata/zookeeper/TestEphemeralSemantics.java:[87,9] cannot find symbol
  symbol:   method assertNotNull(org.apache.zookeeper.data.Stat)
  location: class com.bigdata.zookeeper.TestEphemeralSemantics
[ERROR] /Users/beebs/Documents/systap/github/bigdata/bigdata-jini/src/test/java/com/bigdata/zookeeper/TestEphemeralSemantics.java:[94,9] cannot find symbol
  symbol:   method assertNotNull(org.apache.zookeeper.data.Stat)
  location: class com.bigdata.zookeeper.TestEphemeralSemantics
[ERROR] /Users/beebs/Documents/systap/github/bigdata/bigdata-jini/src/test/java/com/bigdata/zookeeper/TestEphemeralSemantics.java:[101,13] cannot find symbol
  symbol:   method fail(java.lang.String)
  location: class com.bigdata.zookeeper.TestEphemeralSemantics
[ERROR] /Users/beebs/Documents/systap/github/bigdata/bigdata-jini/src/test/java/com/bigdata/zookeeper/TestEphemeralSemantics.java:[119,41] cannot find symbol
  symbol:   method getName()
  location: class com.bigdata.zookeeper.TestEphemeralSemantics
[ERROR] /Users/beebs/Documents/systap/github/bigdata/bigdata-jini/src/test/java/com/bigdata/zookeeper/TestEphemeralSemantics.java:[126,9] cannot find symbol
  symbol:   method assertNotNull(org.apache.zookeeper.data.Stat)
  location: class com.bigdata.zookeeper.TestEphemeralSemantics
[ERROR] /Users/beebs/Documents/systap/github/bigdata/bigdata-jini/src/test/java/com/bigdata/zookeeper/TestEphemeralSemantics.java:[133,9] cannot find symbol
  symbol:   method assertNotNull(org.apache.zookeeper.data.Stat)
  location: class com.bigdata.zookeeper.TestEphemeralSemantics
[ERROR] /Users/beebs/Documents/systap/github/bigdata/bigdata-jini/src/test/java/com/bigdata/zookeeper/TestEphemeralSemantics.java:[147,13] cannot find symbol
  symbol:   method fail(java.lang.String)
  location: class com.bigdata.zookeeper.TestEphemeralSemantics
[ERROR] /Users/beebs/Documents/systap/github/bigdata/bigdata-jini/src/test/java/com/bigdata/journal/jini/ha/AbstractHA3JournalServerTestCase.java:[365,46] cannot find symbol
  symbol:   method getName()
  location: class com.bigdata.journal.jini.ha.AbstractHA3JournalServerTestCase
[ERROR] /Users/beebs/Documents/systap/github/bigdata/bigdata-jini/src/test/java/com/bigdata/journal/jini/ha/AbstractHA3JournalServerTestCase.java:[384,34] no suitable constructor found for LookupDiscoveryManager(java.lang.String[],net.jini.core.discovery.LookupLocator[],com.bigdata.journal.jini.ha.AbstractHA3JournalServerTestCase,net.jini.config.Configuration)
    constructor net.jini.discovery.LookupDiscoveryManager.LookupDiscoveryManager(java.lang.String[],net.jini.core.discovery.LookupLocator[],net.jini.discovery.DiscoveryListener,net.jini.config.Configuration) is not applicable
      (actual argument com.bigdata.journal.jini.ha.AbstractHA3JournalServerTestCase cannot be converted to net.jini.discovery.DiscoveryListener by method invocation conversion)
    constructor net.jini.discovery.LookupDiscoveryManager.LookupDiscoveryManager(java.lang.String[],net.jini.core.discovery.LookupLocator[],net.jini.discovery.DiscoveryListener) is not applicable
      (actual and formal argument lists differ in length)
[ERROR] /Users/beebs/Documents/systap/github/bigdata/bigdata-jini/src/test/java/com/bigdata/journal/jini/ha/AbstractHA3JournalServerTestCase.java:[421,32] cannot find symbol
  symbol:   variable log
  location: class com.bigdata.journal.jini.ha.AbstractHA3JournalServerTestCase
[ERROR] /Users/beebs/Documents/systap/github/bigdata/bigdata-jini/src/test/java/com/bigdata/journal/jini/ha/AbstractHA3JournalServerTestCase.java:[427,13] cannot find symbol
  symbol:   variable log
  location: class com.bigdata.journal.jini.ha.AbstractHA3JournalServerTestCase
[ERROR] /Users/beebs/Documents/systap/github/bigdata/bigdata-jini/src/test/java/com/bigdata/journal/jini/ha/AbstractHA3JournalServerTestCase.java:[431,34] cannot find symbol
  symbol:   variable log
  location: class com.bigdata.journal.jini.ha.AbstractHA3JournalServerTestCase
[INFO] 100 errors 
[INFO] -------------------------------------------------------------
[INFO] ------------------------------------------------------------------------
[INFO] BUILD FAILURE
[INFO] ------------------------------------------------------------------------
[INFO] Total time: 4.957 s
[INFO] Finished at: 2015-04-09T12:42:41-04:00
[INFO] Final Memory: 29M/460M
[INFO] ------------------------------------------------------------------------
[ERROR] Failed to execute goal org.apache.maven.plugins:maven-compiler-plugin:3.1:testCompile (default-testCompile) on project bigdata-jini: Compilation failure: Compilation failure:
[ERROR] /Users/beebs/Documents/systap/github/bigdata/bigdata-jini/src/test/java/com/bigdata/zookeeper/AbstractZooTestCase.java:[50,22] cannot find symbol
[ERROR] symbol:   class TestCase3
[ERROR] location: package com.bigdata.io
[ERROR] /Users/beebs/Documents/systap/github/bigdata/bigdata-jini/src/test/java/com/bigdata/zookeeper/AbstractZooTestCase.java:[60,51] cannot find symbol
[ERROR] symbol: class TestCase3
[ERROR] /Users/beebs/Documents/systap/github/bigdata/bigdata-jini/src/test/java/com/bigdata/journal/jini/ha/AbstractHAJournalServerTestCase.java:[66,22] cannot find symbol
[ERROR] symbol:   class TestCase3
[ERROR] location: package com.bigdata.io
[ERROR] /Users/beebs/Documents/systap/github/bigdata/bigdata-jini/src/test/java/com/bigdata/journal/jini/ha/AbstractHAJournalServerTestCase.java:[72,28] cannot find symbol
[ERROR] symbol:   class TestConcurrentKBCreate
[ERROR] location: package com.bigdata.rdf.sail
[ERROR] /Users/beebs/Documents/systap/github/bigdata/bigdata-jini/src/test/java/com/bigdata/journal/jini/ha/AbstractHAJournalServerTestCase.java:[96,63] cannot find symbol
[ERROR] symbol: class TestCase3
[ERROR] /Users/beebs/Documents/systap/github/bigdata/bigdata-jini/src/test/java/com/bigdata/service/jini/TestBigdataClient.java:[38,26] cannot find symbol
[ERROR] symbol:   class R
[ERROR] location: package com.bigdata.bop.ap
[ERROR] /Users/beebs/Documents/systap/github/bigdata/bigdata-jini/src/test/java/com/bigdata/service/jini/TestBigdataClient.java:[43,30] cannot find symbol
[ERROR] symbol:   class TestKeyBuilder
[ERROR] location: package com.bigdata.btree.keys
[ERROR] /Users/beebs/Documents/systap/github/bigdata/bigdata-jini/src/test/java/com/bigdata/zookeeper/TestZookeeperSessionSemantics.java:[49,22] cannot find symbol
[ERROR] symbol:   class TestCase3
[ERROR] location: package com.bigdata.io
[ERROR] /Users/beebs/Documents/systap/github/bigdata/bigdata-jini/src/test/java/com/bigdata/zookeeper/TestZookeeperSessionSemantics.java:[58,52] cannot find symbol
[ERROR] symbol: class TestCase3
[ERROR] /Users/beebs/Documents/systap/github/bigdata/bigdata-jini/src/test/java/com/bigdata/quorum/zk/MockQuorumMember.java:[28,26] cannot find symbol
[ERROR] symbol:   class MockQuorumFixture
[ERROR] location: package com.bigdata.quorum
[ERROR] /Users/beebs/Documents/systap/github/bigdata/bigdata-jini/src/test/java/com/bigdata/quorum/zk/MockQuorumMember.java:[29,44] package com.bigdata.quorum.MockQuorumFixture does not exist
[ERROR] /Users/beebs/Documents/systap/github/bigdata/bigdata-jini/src/test/java/com/bigdata/quorum/zk/AbstractZkQuorumTestCase.java:[39,26] cannot find symbol
[ERROR] symbol:   class MockQuorumFixture
[ERROR] location: package com.bigdata.quorum
[ERROR] /Users/beebs/Documents/systap/github/bigdata/bigdata-jini/src/test/java/com/bigdata/journal/jini/ha/TestHALogIndex.java:[42,28] cannot find symbol
[ERROR] symbol:   class TestWormAddressManager
[ERROR] location: package com.bigdata.rawstore
[ERROR] /Users/beebs/Documents/systap/github/bigdata/bigdata-jini/src/test/java/com/bigdata/service/jini/PerformanceTest.java:[57,24] package com.bigdata.test does not exist
[ERROR] /Users/beebs/Documents/systap/github/bigdata/bigdata-jini/src/test/java/com/bigdata/service/jini/PerformanceTest.java:[58,41] package com.bigdata.test.ExperimentDriver does not exist
[ERROR] /Users/beebs/Documents/systap/github/bigdata/bigdata-jini/src/test/java/com/bigdata/service/jini/PerformanceTest.java:[59,41] package com.bigdata.test.ExperimentDriver does not exist
[ERROR] /Users/beebs/Documents/systap/github/bigdata/bigdata-jini/src/test/java/com/bigdata/service/jini/PerformanceTest.java:[70,20] cannot find symbol
[ERROR] symbol: class IComparisonTest
[ERROR] /Users/beebs/Documents/systap/github/bigdata/bigdata-jini/src/test/java/com/bigdata/service/jini/PerformanceTest.java:[278,12] cannot find symbol
[ERROR] symbol:   class Result
[ERROR] location: class com.bigdata.service.jini.PerformanceTest
[ERROR] /Users/beebs/Documents/systap/github/bigdata/bigdata-jini/src/test/java/com/bigdata/service/jini/PerformanceTest.java:[170,52] cannot find symbol
[ERROR] symbol:   class ExperimentDriver
[ERROR] location: class com.bigdata.service.jini.PerformanceTest
[ERROR] /Users/beebs/Documents/systap/github/bigdata/bigdata-jini/src/test/java/com/bigdata/journal/jini/ha/TestSnapshotIndex.java:[42,28] cannot find symbol
[ERROR] symbol:   class TestWormAddressManager
[ERROR] location: package com.bigdata.rawstore
[ERROR] /Users/beebs/Documents/systap/github/bigdata/bigdata-jini/src/test/java/com/bigdata/zookeeper/AbstractZooTestCase.java:[152,13] cannot find symbol
[ERROR] symbol:   variable log
[ERROR] location: class com.bigdata.zookeeper.AbstractZooTestCase
[ERROR] /Users/beebs/Documents/systap/github/bigdata/bigdata-jini/src/test/java/com/bigdata/zookeeper/AbstractZooTestCase.java:[153,22] cannot find symbol
[ERROR] symbol:   method getName()
[ERROR] location: class com.bigdata.zookeeper.AbstractZooTestCase
[ERROR] /Users/beebs/Documents/systap/github/bigdata/bigdata-jini/src/test/java/com/bigdata/zookeeper/AbstractZooTestCase.java:[153,13] cannot find symbol
[ERROR] symbol:   variable log
[ERROR] location: class com.bigdata.zookeeper.AbstractZooTestCase
[ERROR] /Users/beebs/Documents/systap/github/bigdata/bigdata-jini/src/test/java/com/bigdata/zookeeper/AbstractZooTestCase.java:[213,17] cannot find symbol
[ERROR] symbol:   method fail(java.lang.String,java.lang.Throwable)
[ERROR] location: class com.bigdata.zookeeper.AbstractZooTestCase
[ERROR] /Users/beebs/Documents/systap/github/bigdata/bigdata-jini/src/test/java/com/bigdata/zookeeper/AbstractZooTestCase.java:[238,17] cannot find symbol
[ERROR] symbol:   variable log
[ERROR] location: class com.bigdata.zookeeper.AbstractZooTestCase
[ERROR] /Users/beebs/Documents/systap/github/bigdata/bigdata-jini/src/test/java/com/bigdata/zookeeper/AbstractZooTestCase.java:[239,17] cannot find symbol
[ERROR] symbol:   variable log
[ERROR] location: class com.bigdata.zookeeper.AbstractZooTestCase
[ERROR] /Users/beebs/Documents/systap/github/bigdata/bigdata-jini/src/test/java/com/bigdata/zookeeper/AbstractZooTestCase.java:[247,23] cannot find symbol
[ERROR] symbol:   method getName()
[ERROR] location: class com.bigdata.zookeeper.AbstractZooTestCase
[ERROR] /Users/beebs/Documents/systap/github/bigdata/bigdata-jini/src/test/java/com/bigdata/zookeeper/AbstractZooTestCase.java:[247,13] cannot find symbol
[ERROR] symbol:   variable log
[ERROR] location: class com.bigdata.zookeeper.AbstractZooTestCase
[ERROR] /Users/beebs/Documents/systap/github/bigdata/bigdata-jini/src/test/java/com/bigdata/zookeeper/AbstractZooTestCase.java:[253,17] cannot find symbol
[ERROR] symbol:   method getName()
[ERROR] location: class com.bigdata.zookeeper.AbstractZooTestCase
[ERROR] /Users/beebs/Documents/systap/github/bigdata/bigdata-jini/src/test/java/com/bigdata/zookeeper/AbstractZooTestCase.java:[261,17] cannot find symbol
[ERROR] symbol:   variable log
[ERROR] location: class com.bigdata.zookeeper.AbstractZooTestCase
[ERROR] /Users/beebs/Documents/systap/github/bigdata/bigdata-jini/src/test/java/com/bigdata/zookeeper/AbstractZooTestCase.java:[262,26] cannot find symbol
[ERROR] symbol:   method getName()
[ERROR] location: class com.bigdata.zookeeper.AbstractZooTestCase
[ERROR] /Users/beebs/Documents/systap/github/bigdata/bigdata-jini/src/test/java/com/bigdata/zookeeper/AbstractZooTestCase.java:[262,17] cannot find symbol
[ERROR] symbol:   variable log
[ERROR] location: class com.bigdata.zookeeper.AbstractZooTestCase
[ERROR] /Users/beebs/Documents/systap/github/bigdata/bigdata-jini/src/test/java/com/bigdata/zookeeper/AbstractZooTestCase.java:[294,13] cannot find symbol
[ERROR] symbol:   variable log
[ERROR] location: class com.bigdata.zookeeper.AbstractZooTestCase
[ERROR] /Users/beebs/Documents/systap/github/bigdata/bigdata-jini/src/test/java/com/bigdata/zookeeper/AbstractZooTestCase.java:[314,28] cannot find symbol
[ERROR] symbol: variable log
[ERROR] /Users/beebs/Documents/systap/github/bigdata/bigdata-jini/src/test/java/com/bigdata/zookeeper/AbstractZooTestCase.java:[315,29] cannot find symbol
[ERROR] symbol: variable log
[ERROR] /Users/beebs/Documents/systap/github/bigdata/bigdata-jini/src/test/java/com/bigdata/zookeeper/AbstractZooTestCase.java:[409,17] cannot find symbol
[ERROR] symbol:   method fail(java.lang.String)
[ERROR] location: class com.bigdata.zookeeper.AbstractZooTestCase
[ERROR] /Users/beebs/Documents/systap/github/bigdata/bigdata-jini/src/test/java/com/bigdata/zookeeper/AbstractZooTestCase.java:[414,17] cannot find symbol
[ERROR] symbol:   variable log
[ERROR] location: class com.bigdata.zookeeper.AbstractZooTestCase
[ERROR] /Users/beebs/Documents/systap/github/bigdata/bigdata-jini/src/test/java/com/bigdata/zookeeper/AbstractZooTestCase.java:[416,17] cannot find symbol
[ERROR] symbol:   variable log
[ERROR] location: class com.bigdata.zookeeper.AbstractZooTestCase
[ERROR] /Users/beebs/Documents/systap/github/bigdata/bigdata-jini/src/test/java/com/bigdata/zookeeper/AbstractZooTestCase.java:[426,13] cannot find symbol
[ERROR] symbol:   method fail(java.lang.String)
[ERROR] location: class com.bigdata.zookeeper.AbstractZooTestCase
[ERROR] /Users/beebs/Documents/systap/github/bigdata/bigdata-jini/src/test/java/com/bigdata/zookeeper/AbstractZooTestCase.java:[430,12] cannot find symbol
[ERROR] symbol:   variable log
[ERROR] location: class com.bigdata.zookeeper.AbstractZooTestCase
[ERROR] /Users/beebs/Documents/systap/github/bigdata/bigdata-jini/src/test/java/com/bigdata/zookeeper/AbstractZooTestCase.java:[431,13] cannot find symbol
[ERROR] symbol:   variable log
[ERROR] location: class com.bigdata.zookeeper.AbstractZooTestCase
[ERROR] /Users/beebs/Documents/systap/github/bigdata/bigdata-jini/src/test/java/com/bigdata/zookeeper/AbstractZooTestCase.java:[477,17] cannot find symbol
[ERROR] symbol:   method fail(java.lang.String)
[ERROR] location: class com.bigdata.zookeeper.AbstractZooTestCase
[ERROR] /Users/beebs/Documents/systap/github/bigdata/bigdata-jini/src/test/java/com/bigdata/zookeeper/AbstractZooTestCase.java:[483,16] cannot find symbol
[ERROR] symbol:   variable log
[ERROR] location: class com.bigdata.zookeeper.AbstractZooTestCase
[ERROR] /Users/beebs/Documents/systap/github/bigdata/bigdata-jini/src/test/java/com/bigdata/zookeeper/AbstractZooTestCase.java:[485,17] cannot find symbol
[ERROR] symbol:   variable log
[ERROR] location: class com.bigdata.zookeeper.AbstractZooTestCase
[ERROR] /Users/beebs/Documents/systap/github/bigdata/bigdata-jini/src/test/java/com/bigdata/zookeeper/AbstractZooTestCase.java:[493,13] cannot find symbol
[ERROR] symbol:   variable log
[ERROR] location: class com.bigdata.zookeeper.AbstractZooTestCase
[ERROR] /Users/beebs/Documents/systap/github/bigdata/bigdata-jini/src/test/java/com/bigdata/zookeeper/AbstractZooTestCase.java:[497,13] cannot find symbol
[ERROR] symbol:   variable log
[ERROR] location: class com.bigdata.zookeeper.AbstractZooTestCase
[ERROR] /Users/beebs/Documents/systap/github/bigdata/bigdata-jini/src/test/java/com/bigdata/zookeeper/AbstractZooTestCase.java:[625,12] cannot find symbol
[ERROR] symbol:   variable log
[ERROR] location: class com.bigdata.zookeeper.AbstractZooTestCase
[ERROR] /Users/beebs/Documents/systap/github/bigdata/bigdata-jini/src/test/java/com/bigdata/zookeeper/AbstractZooTestCase.java:[626,13] cannot find symbol
[ERROR] symbol:   variable log
[ERROR] location: class com.bigdata.zookeeper.AbstractZooTestCase
[ERROR] /Users/beebs/Documents/systap/github/bigdata/bigdata-jini/src/test/java/com/bigdata/zookeeper/AbstractZooTestCase.java:[648,13] cannot find symbol
[ERROR] symbol:   variable log
[ERROR] location: class com.bigdata.zookeeper.AbstractZooTestCase
[ERROR] /Users/beebs/Documents/systap/github/bigdata/bigdata-jini/src/test/java/com/bigdata/zookeeper/AbstractZooTestCase.java:[662,13] cannot find symbol
[ERROR] symbol:   variable log
[ERROR] location: class com.bigdata.zookeeper.AbstractZooTestCase
[ERROR] /Users/beebs/Documents/systap/github/bigdata/bigdata-jini/src/test/java/com/bigdata/journal/jini/ha/AbstractHAJournalServerTestCase.java:[156,8] cannot find symbol
[ERROR] symbol:   variable super
[ERROR] location: class com.bigdata.journal.jini.ha.AbstractHAJournalServerTestCase
[ERROR] /Users/beebs/Documents/systap/github/bigdata/bigdata-jini/src/test/java/com/bigdata/journal/jini/ha/AbstractHAJournalServerTestCase.java:[158,13] cannot find symbol
[ERROR] symbol:   variable log
[ERROR] location: class com.bigdata.journal.jini.ha.AbstractHAJournalServerTestCase
[ERROR] /Users/beebs/Documents/systap/github/bigdata/bigdata-jini/src/test/java/com/bigdata/journal/jini/ha/AbstractHAJournalServerTestCase.java:[159,40] cannot find symbol
[ERROR] symbol:   method getName()
[ERROR] location: class com.bigdata.journal.jini.ha.AbstractHAJournalServerTestCase
[ERROR] /Users/beebs/Documents/systap/github/bigdata/bigdata-jini/src/test/java/com/bigdata/journal/jini/ha/AbstractHAJournalServerTestCase.java:[159,10] cannot find symbol
[ERROR] symbol:   variable log
[ERROR] location: class com.bigdata.journal.jini.ha.AbstractHAJournalServerTestCase
[ERROR] /Users/beebs/Documents/systap/github/bigdata/bigdata-jini/src/test/java/com/bigdata/journal/jini/ha/AbstractHAJournalServerTestCase.java:[162,62] cannot find symbol
[ERROR] symbol:   method getName()
[ERROR] location: class com.bigdata.journal.jini.ha.AbstractHAJournalServerTestCase
[ERROR] /Users/beebs/Documents/systap/github/bigdata/bigdata-jini/src/test/java/com/bigdata/journal/jini/ha/AbstractHAJournalServerTestCase.java:[153,5] method does not override or implement a method from a supertype
[ERROR] /Users/beebs/Documents/systap/github/bigdata/bigdata-jini/src/test/java/com/bigdata/journal/jini/ha/AbstractHAJournalServerTestCase.java:[199,18] cannot find symbol
[ERROR] symbol:   variable log
[ERROR] location: class com.bigdata.journal.jini.ha.AbstractHAJournalServerTestCase
[ERROR] /Users/beebs/Documents/systap/github/bigdata/bigdata-jini/src/test/java/com/bigdata/journal/jini/ha/AbstractHAJournalServerTestCase.java:[221,13] cannot find symbol
[ERROR] symbol:   variable log
[ERROR] location: class com.bigdata.journal.jini.ha.AbstractHAJournalServerTestCase
[ERROR] /Users/beebs/Documents/systap/github/bigdata/bigdata-jini/src/test/java/com/bigdata/journal/jini/ha/AbstractHAJournalServerTestCase.java:[222,40] cannot find symbol
[ERROR] symbol:   method getName()
[ERROR] location: class com.bigdata.journal.jini.ha.AbstractHAJournalServerTestCase
[ERROR] /Users/beebs/Documents/systap/github/bigdata/bigdata-jini/src/test/java/com/bigdata/journal/jini/ha/AbstractHAJournalServerTestCase.java:[222,12] cannot find symbol
[ERROR] symbol:   variable log
[ERROR] location: class com.bigdata.journal.jini.ha.AbstractHAJournalServerTestCase
[ERROR] /Users/beebs/Documents/systap/github/bigdata/bigdata-jini/src/test/java/com/bigdata/journal/jini/ha/AbstractHAJournalServerTestCase.java:[182,5] method does not override or implement a method from a supertype
[ERROR] /Users/beebs/Documents/systap/github/bigdata/bigdata-jini/src/test/java/com/bigdata/journal/jini/ha/AbstractHAJournalServerTestCase.java:[247,21] cannot find symbol
[ERROR] symbol: method assertEquals(com.bigdata.ha.HAStatusEnum,com.bigdata.ha.HAStatusEnum)
[ERROR] /Users/beebs/Documents/systap/github/bigdata/bigdata-jini/src/test/java/com/bigdata/journal/jini/ha/AbstractHAJournalServerTestCase.java:[243,9] cannot find symbol
[ERROR] symbol:   method assertCondition(<anonymous java.lang.Runnable>,long,java.util.concurrent.TimeUnit)
[ERROR] location: class com.bigdata.journal.jini.ha.AbstractHAJournalServerTestCase
[ERROR] /Users/beebs/Documents/systap/github/bigdata/bigdata-jini/src/test/java/com/bigdata/journal/jini/ha/AbstractHAJournalServerTestCase.java:[265,9] cannot find symbol
[ERROR] symbol:   method assertEquals(int,int)
[ERROR] location: class com.bigdata.journal.jini.ha.AbstractHAJournalServerTestCase
[ERROR] /Users/beebs/Documents/systap/github/bigdata/bigdata-jini/src/test/java/com/bigdata/journal/jini/ha/AbstractHAJournalServerTestCase.java:[273,29] cannot find symbol
[ERROR] symbol: method assertEquals(java.lang.String,com.bigdata.ha.HAStatusEnum,com.bigdata.ha.HAStatusEnum)
[ERROR] /Users/beebs/Documents/systap/github/bigdata/bigdata-jini/src/test/java/com/bigdata/journal/jini/ha/AbstractHAJournalServerTestCase.java:[266,9] cannot find symbol
[ERROR] symbol:   method assertCondition(<anonymous java.lang.Runnable>,int,java.util.concurrent.TimeUnit)
[ERROR] location: class com.bigdata.journal.jini.ha.AbstractHAJournalServerTestCase
[ERROR] /Users/beebs/Documents/systap/github/bigdata/bigdata-jini/src/test/java/com/bigdata/journal/jini/ha/AbstractHAJournalServerTestCase.java:[291,25] cannot find symbol
[ERROR] symbol: method assertEquals(java.lang.String,com.bigdata.journal.jini.ha.HAJournalServer.RunStateEnum,com.bigdata.journal.jini.ha.HAJournalServer.RunStateEnum)
[ERROR] /Users/beebs/Documents/systap/github/bigdata/bigdata-jini/src/test/java/com/bigdata/journal/jini/ha/AbstractHAJournalServerTestCase.java:[286,9] cannot find symbol
[ERROR] symbol:   method assertCondition(<anonymous java.lang.Runnable>,int,java.util.concurrent.TimeUnit)
[ERROR] location: class com.bigdata.journal.jini.ha.AbstractHAJournalServerTestCase
[ERROR] /Users/beebs/Documents/systap/github/bigdata/bigdata-jini/src/test/java/com/bigdata/journal/jini/ha/AbstractHAJournalServerTestCase.java:[337,13] cannot find symbol
[ERROR] symbol:   variable log
[ERROR] location: class com.bigdata.journal.jini.ha.AbstractHAJournalServerTestCase
[ERROR] /Users/beebs/Documents/systap/github/bigdata/bigdata-jini/src/test/java/com/bigdata/journal/jini/ha/AbstractHAJournalServerTestCase.java:[432,13] cannot find symbol
[ERROR] symbol:   variable log
[ERROR] location: class com.bigdata.journal.jini.ha.AbstractHAJournalServerTestCase
[ERROR] /Users/beebs/Documents/systap/github/bigdata/bigdata-jini/src/test/java/com/bigdata/journal/jini/ha/AbstractHAJournalServerTestCase.java:[460,25] cannot find symbol
[ERROR] symbol:   variable log
[ERROR] location: class com.bigdata.journal.jini.ha.AbstractHAJournalServerTestCase
[ERROR] /Users/beebs/Documents/systap/github/bigdata/bigdata-jini/src/test/java/com/bigdata/journal/jini/ha/AbstractHAJournalServerTestCase.java:[764,29] cannot find symbol
[ERROR] symbol: method fail()
[ERROR] /Users/beebs/Documents/systap/github/bigdata/bigdata-jini/src/test/java/com/bigdata/journal/jini/ha/AbstractHAJournalServerTestCase.java:[757,17] cannot find symbol
[ERROR] symbol:   method assertCondition(<anonymous java.lang.Runnable>,int,java.util.concurrent.TimeUnit)
[ERROR] location: class com.bigdata.journal.jini.ha.AbstractHAJournalServerTestCase
[ERROR] /Users/beebs/Documents/systap/github/bigdata/bigdata-jini/src/test/java/com/bigdata/journal/jini/ha/AbstractHAJournalServerTestCase.java:[809,16] cannot find symbol
[ERROR] symbol:   variable log
[ERROR] location: class com.bigdata.journal.jini.ha.AbstractHAJournalServerTestCase
[ERROR] /Users/beebs/Documents/systap/github/bigdata/bigdata-jini/src/test/java/com/bigdata/journal/jini/ha/AbstractHAJournalServerTestCase.java:[809,37] cannot find symbol
[ERROR] symbol:   variable log
[ERROR] location: class com.bigdata.journal.jini.ha.AbstractHAJournalServerTestCase
[ERROR] /Users/beebs/Documents/systap/github/bigdata/bigdata-jini/src/test/java/com/bigdata/journal/jini/ha/AbstractHAJournalServerTestCase.java:[818,21] cannot find symbol
[ERROR] symbol:   method fail(java.lang.String)
[ERROR] location: class com.bigdata.journal.jini.ha.AbstractHAJournalServerTestCase
[ERROR] /Users/beebs/Documents/systap/github/bigdata/bigdata-jini/src/test/java/com/bigdata/journal/jini/ha/AbstractHAJournalServerTestCase.java:[900,25] cannot find symbol
[ERROR] symbol:   method fail(java.lang.String)
[ERROR] location: class com.bigdata.journal.jini.ha.AbstractHAJournalServerTestCase
[ERROR] /Users/beebs/Documents/systap/github/bigdata/bigdata-jini/src/test/java/com/bigdata/journal/jini/ha/AbstractHAJournalServerTestCase.java:[951,21] cannot find symbol
[ERROR] symbol:   method fail(java.lang.String)
[ERROR] location: class com.bigdata.journal.jini.ha.AbstractHAJournalServerTestCase
[ERROR] /Users/beebs/Documents/systap/github/bigdata/bigdata-jini/src/test/java/com/bigdata/journal/jini/ha/AbstractHAJournalServerTestCase.java:[994,9] cannot find symbol
[ERROR] symbol:   method assertEquals(long,long)
[ERROR] location: class com.bigdata.journal.jini.ha.AbstractHAJournalServerTestCase
[ERROR] /Users/beebs/Documents/systap/github/bigdata/bigdata-jini/src/test/java/com/bigdata/journal/jini/ha/AbstractHAJournalServerTestCase.java:[1004,9] cannot find symbol
[ERROR] symbol:   method assertEquals(long,long)
[ERROR] location: class com.bigdata.journal.jini.ha.AbstractHAJournalServerTestCase
[ERROR] /Users/beebs/Documents/systap/github/bigdata/bigdata-jini/src/test/java/com/bigdata/journal/jini/ha/AbstractHAJournalServerTestCase.java:[1021,13] cannot find symbol
[ERROR] symbol:   method fail(java.lang.String)
[ERROR] location: class com.bigdata.journal.jini.ha.AbstractHAJournalServerTestCase
[ERROR] /Users/beebs/Documents/systap/github/bigdata/bigdata-jini/src/test/java/com/bigdata/journal/jini/ha/AbstractHAJournalServerTestCase.java:[1099,25] cannot find symbol
[ERROR] symbol: method assertEquals(long,long)
[ERROR] /Users/beebs/Documents/systap/github/bigdata/bigdata-jini/src/test/java/com/bigdata/journal/jini/ha/AbstractHAJournalServerTestCase.java:[1095,13] cannot find symbol
[ERROR] symbol:   method assertCondition(<anonymous java.lang.Runnable>,int,java.util.concurrent.TimeUnit)
[ERROR] location: class com.bigdata.journal.jini.ha.AbstractHAJournalServerTestCase
[ERROR] /Users/beebs/Documents/systap/github/bigdata/bigdata-jini/src/test/java/com/bigdata/journal/jini/ha/AbstractHAJournalServerTestCase.java:[1157,29] cannot find symbol
[ERROR] symbol:   variable log
[ERROR] location: class com.bigdata.journal.jini.ha.AbstractHAJournalServerTestCase
[ERROR] /Users/beebs/Documents/systap/github/bigdata/bigdata-jini/src/test/java/com/bigdata/journal/jini/ha/AbstractHAJournalServerTestCase.java:[1173,29] cannot find symbol
[ERROR] symbol:   variable log
[ERROR] location: class com.bigdata.journal.jini.ha.AbstractHAJournalServerTestCase
[ERROR] /Users/beebs/Documents/systap/github/bigdata/bigdata-jini/src/test/java/com/bigdata/journal/jini/ha/AbstractHAJournalServerTestCase.java:[1251,9] cannot find symbol
[ERROR] symbol:   method assertCondition(<anonymous java.lang.Runnable>,int,java.util.concurrent.TimeUnit)
[ERROR] location: class com.bigdata.journal.jini.ha.AbstractHAJournalServerTestCase
[ERROR] /Users/beebs/Documents/systap/github/bigdata/bigdata-jini/src/test/java/com/bigdata/journal/jini/ha/AbstractHAJournalServerTestCase.java:[1282,13] cannot find symbol
[ERROR] symbol:   method fail(java.lang.String)
[ERROR] location: class com.bigdata.journal.jini.ha.AbstractHAJournalServerTestCase
[ERROR] /Users/beebs/Documents/systap/github/bigdata/bigdata-jini/src/test/java/com/bigdata/zookeeper/TestEphemeralSemantics.java:[80,41] cannot find symbol
[ERROR] symbol:   method getName()
[ERROR] location: class com.bigdata.zookeeper.TestEphemeralSemantics
[ERROR] /Users/beebs/Documents/systap/github/bigdata/bigdata-jini/src/test/java/com/bigdata/zookeeper/TestEphemeralSemantics.java:[87,9] cannot find symbol
[ERROR] symbol:   method assertNotNull(org.apache.zookeeper.data.Stat)
[ERROR] location: class com.bigdata.zookeeper.TestEphemeralSemantics
[ERROR] /Users/beebs/Documents/systap/github/bigdata/bigdata-jini/src/test/java/com/bigdata/zookeeper/TestEphemeralSemantics.java:[94,9] cannot find symbol
[ERROR] symbol:   method assertNotNull(org.apache.zookeeper.data.Stat)
[ERROR] location: class com.bigdata.zookeeper.TestEphemeralSemantics
[ERROR] /Users/beebs/Documents/systap/github/bigdata/bigdata-jini/src/test/java/com/bigdata/zookeeper/TestEphemeralSemantics.java:[101,13] cannot find symbol
[ERROR] symbol:   method fail(java.lang.String)
[ERROR] location: class com.bigdata.zookeeper.TestEphemeralSemantics
[ERROR] /Users/beebs/Documents/systap/github/bigdata/bigdata-jini/src/test/java/com/bigdata/zookeeper/TestEphemeralSemantics.java:[119,41] cannot find symbol
[ERROR] symbol:   method getName()
[ERROR] location: class com.bigdata.zookeeper.TestEphemeralSemantics
[ERROR] /Users/beebs/Documents/systap/github/bigdata/bigdata-jini/src/test/java/com/bigdata/zookeeper/TestEphemeralSemantics.java:[126,9] cannot find symbol
[ERROR] symbol:   method assertNotNull(org.apache.zookeeper.data.Stat)
[ERROR] location: class com.bigdata.zookeeper.TestEphemeralSemantics
[ERROR] /Users/beebs/Documents/systap/github/bigdata/bigdata-jini/src/test/java/com/bigdata/zookeeper/TestEphemeralSemantics.java:[133,9] cannot find symbol
[ERROR] symbol:   method assertNotNull(org.apache.zookeeper.data.Stat)
[ERROR] location: class com.bigdata.zookeeper.TestEphemeralSemantics
[ERROR] /Users/beebs/Documents/systap/github/bigdata/bigdata-jini/src/test/java/com/bigdata/zookeeper/TestEphemeralSemantics.java:[147,13] cannot find symbol
[ERROR] symbol:   method fail(java.lang.String)
[ERROR] location: class com.bigdata.zookeeper.TestEphemeralSemantics
[ERROR] /Users/beebs/Documents/systap/github/bigdata/bigdata-jini/src/test/java/com/bigdata/journal/jini/ha/AbstractHA3JournalServerTestCase.java:[365,46] cannot find symbol
[ERROR] symbol:   method getName()
[ERROR] location: class com.bigdata.journal.jini.ha.AbstractHA3JournalServerTestCase
[ERROR] /Users/beebs/Documents/systap/github/bigdata/bigdata-jini/src/test/java/com/bigdata/journal/jini/ha/AbstractHA3JournalServerTestCase.java:[384,34] no suitable constructor found for LookupDiscoveryManager(java.lang.String[],net.jini.core.discovery.LookupLocator[],com.bigdata.journal.jini.ha.AbstractHA3JournalServerTestCase,net.jini.config.Configuration)
[ERROR] constructor net.jini.discovery.LookupDiscoveryManager.LookupDiscoveryManager(java.lang.String[],net.jini.core.discovery.LookupLocator[],net.jini.discovery.DiscoveryListener,net.jini.config.Configuration) is not applicable
[ERROR] (actual argument com.bigdata.journal.jini.ha.AbstractHA3JournalServerTestCase cannot be converted to net.jini.discovery.DiscoveryListener by method invocation conversion)
[ERROR] constructor net.jini.discovery.LookupDiscoveryManager.LookupDiscoveryManager(java.lang.String[],net.jini.core.discovery.LookupLocator[],net.jini.discovery.DiscoveryListener) is not applicable
[ERROR] (actual and formal argument lists differ in length)
[ERROR] /Users/beebs/Documents/systap/github/bigdata/bigdata-jini/src/test/java/com/bigdata/journal/jini/ha/AbstractHA3JournalServerTestCase.java:[421,32] cannot find symbol
[ERROR] symbol:   variable log
[ERROR] location: class com.bigdata.journal.jini.ha.AbstractHA3JournalServerTestCase
[ERROR] /Users/beebs/Documents/systap/github/bigdata/bigdata-jini/src/test/java/com/bigdata/journal/jini/ha/AbstractHA3JournalServerTestCase.java:[427,13] cannot find symbol
[ERROR] symbol:   variable log
[ERROR] location: class com.bigdata.journal.jini.ha.AbstractHA3JournalServerTestCase
[ERROR] /Users/beebs/Documents/systap/github/bigdata/bigdata-jini/src/test/java/com/bigdata/journal/jini/ha/AbstractHA3JournalServerTestCase.java:[431,34] cannot find symbol
[ERROR] symbol:   variable log
[ERROR] location: class com.bigdata.journal.jini.ha.AbstractHA3JournalServerTestCase
[ERROR] -> [Help 1]
[ERROR] 
[ERROR] To see the full stack trace of the errors, re-run Maven with the -e switch.
[ERROR] Re-run Maven using the -X switch to enable full debug logging.
[ERROR] 
[ERROR] For more information about the errors and possible solutions, please read the following articles:
[ERROR] [Help 1] http://cwiki.apache.org/confluence/display/MAVEN/MojoFailureException
